{"C:\\Users\\user\\Documents\\code\\Portolio Projects\\GlobeTrotter\\client\\src\\App.js": {"path":"C:\\Users\\user\\Documents\\code\\Portolio Projects\\GlobeTrotter\\client\\src\\App.js","statementMap":{"0":{"start":{"line":8,"column":35},"end":{"line":8,"column":89}},"1":{"start":{"line":9,"column":37},"end":{"line":9,"column":56}},"2":{"start":{"line":11,"column":3},"end":{"line":22,"column":4}}},"fnMap":{"0":{"name":"App","decl":{"start":{"line":7,"column":9},"end":{"line":7,"column":12}},"loc":{"start":{"line":7,"column":15},"end":{"line":23,"column":1}},"line":7}},"branchMap":{},"s":{"0":1,"1":1,"2":1},"f":{"0":1},"b":{},"_coverageSchema":"1a1c01bbd47fc00a2c39e90264f33305004495a9","hash":"badb5b6ac8cad5962ab379c9afdf631ad0908856"}
,"C:\\Users\\user\\Documents\\code\\Portolio Projects\\GlobeTrotter\\client\\src\\components\\FlightForm.js": {"path":"C:\\Users\\user\\Documents\\code\\Portolio Projects\\GlobeTrotter\\client\\src\\components\\FlightForm.js","statementMap":{"0":{"start":{"line":4,"column":19},"end":{"line":128,"column":1}},"1":{"start":{"line":6,"column":34},"end":{"line":6,"column":46}},"2":{"start":{"line":7,"column":44},"end":{"line":7,"column":56}},"3":{"start":{"line":8,"column":32},"end":{"line":8,"column":42}},"4":{"start":{"line":9,"column":36},"end":{"line":9,"column":46}},"5":{"start":{"line":10,"column":34},"end":{"line":10,"column":44}},"6":{"start":{"line":11,"column":40},"end":{"line":11,"column":50}},"7":{"start":{"line":12,"column":49},"end":{"line":12,"column":59}},"8":{"start":{"line":13,"column":39},"end":{"line":13,"column":49}},"9":{"start":{"line":15,"column":24},"end":{"line":15,"column":34}},"10":{"start":{"line":16,"column":34},"end":{"line":16,"column":45}},"11":{"start":{"line":19,"column":8},"end":{"line":19,"column":31}},"12":{"start":{"line":20,"column":8},"end":{"line":20,"column":27}},"13":{"start":{"line":21,"column":8},"end":{"line":21,"column":32}},"14":{"start":{"line":22,"column":8},"end":{"line":22,"column":20}},"15":{"start":{"line":23,"column":8},"end":{"line":23,"column":26}},"16":{"start":{"line":24,"column":21},"end":{"line":24,"column":81}},"17":{"start":{"line":25,"column":24},"end":{"line":25,"column":81}},"18":{"start":{"line":26,"column":39},"end":{"line":26,"column":41}},"19":{"start":{"line":27,"column":34},"end":{"line":27,"column":36}},"20":{"start":{"line":29,"column":8},"end":{"line":31,"column":9}},"21":{"start":{"line":30,"column":12},"end":{"line":30,"column":58}},"22":{"start":{"line":32,"column":8},"end":{"line":32,"column":37}},"23":{"start":{"line":34,"column":8},"end":{"line":36,"column":9}},"24":{"start":{"line":35,"column":12},"end":{"line":35,"column":68}},"25":{"start":{"line":37,"column":8},"end":{"line":37,"column":47}},"26":{"start":{"line":39,"column":8},"end":{"line":43,"column":9}},"27":{"start":{"line":40,"column":12},"end":{"line":40,"column":52}},"28":{"start":{"line":41,"column":15},"end":{"line":43,"column":9}},"29":{"start":{"line":42,"column":12},"end":{"line":42,"column":31}},"30":{"start":{"line":45,"column":8},"end":{"line":49,"column":9}},"31":{"start":{"line":46,"column":12},"end":{"line":46,"column":62}},"32":{"start":{"line":47,"column":15},"end":{"line":49,"column":9}},"33":{"start":{"line":48,"column":12},"end":{"line":48,"column":36}},"34":{"start":{"line":51,"column":8},"end":{"line":51,"column":36}},"35":{"start":{"line":52,"column":8},"end":{"line":52,"column":38}},"36":{"start":{"line":55,"column":31},"end":{"line":55,"column":78}},"37":{"start":{"line":56,"column":34},"end":{"line":56,"column":81}},"38":{"start":{"line":57,"column":8},"end":{"line":57,"column":36}},"39":{"start":{"line":58,"column":8},"end":{"line":58,"column":42}},"40":{"start":{"line":59,"column":8},"end":{"line":59,"column":31}},"41":{"start":{"line":60,"column":8},"end":{"line":63,"column":9}},"42":{"start":{"line":61,"column":24},"end":{"line":61,"column":304}},"43":{"start":{"line":62,"column":12},"end":{"line":62,"column":23}},"44":{"start":{"line":72,"column":8},"end":{"line":72,"column":26}},"45":{"start":{"line":73,"column":8},"end":{"line":78,"column":9}},"46":{"start":{"line":74,"column":12},"end":{"line":74,"column":41}},"47":{"start":{"line":76,"column":13},"end":{"line":78,"column":9}},"48":{"start":{"line":77,"column":12},"end":{"line":77,"column":46}},"49":{"start":{"line":80,"column":8},"end":{"line":83,"column":9}},"50":{"start":{"line":81,"column":24},"end":{"line":81,"column":304}},"51":{"start":{"line":82,"column":12},"end":{"line":82,"column":23}},"52":{"start":{"line":86,"column":4},"end":{"line":127,"column":5}},"53":{"start":{"line":114,"column":67},"end":{"line":114,"column":120}},"54":{"start":{"line":120,"column":72},"end":{"line":120,"column":125}}},"fnMap":{"0":{"name":"(anonymous_0)","decl":{"start":{"line":4,"column":19},"end":{"line":4,"column":20}},"loc":{"start":{"line":4,"column":25},"end":{"line":128,"column":1}},"line":4},"1":{"name":"getAirports","decl":{"start":{"line":18,"column":19},"end":{"line":18,"column":30}},"loc":{"start":{"line":18,"column":33},"end":{"line":64,"column":5}},"line":18},"2":{"name":"generateLink","decl":{"start":{"line":67,"column":13},"end":{"line":67,"column":25}},"loc":{"start":{"line":67,"column":28},"end":{"line":84,"column":9}},"line":67},"3":{"name":"(anonymous_3)","decl":{"start":{"line":114,"column":62},"end":{"line":114,"column":63}},"loc":{"start":{"line":114,"column":67},"end":{"line":114,"column":120}},"line":114},"4":{"name":"(anonymous_4)","decl":{"start":{"line":120,"column":67},"end":{"line":120,"column":68}},"loc":{"start":{"line":120,"column":72},"end":{"line":120,"column":125}},"line":120}},"branchMap":{"0":{"loc":{"start":{"line":39,"column":8},"end":{"line":43,"column":9}},"type":"if","locations":[{"start":{"line":39,"column":8},"end":{"line":43,"column":9}},{"start":{"line":41,"column":15},"end":{"line":43,"column":9}}],"line":39},"1":{"loc":{"start":{"line":41,"column":15},"end":{"line":43,"column":9}},"type":"if","locations":[{"start":{"line":41,"column":15},"end":{"line":43,"column":9}},{"start":{},"end":{}}],"line":41},"2":{"loc":{"start":{"line":45,"column":8},"end":{"line":49,"column":9}},"type":"if","locations":[{"start":{"line":45,"column":8},"end":{"line":49,"column":9}},{"start":{"line":47,"column":15},"end":{"line":49,"column":9}}],"line":45},"3":{"loc":{"start":{"line":47,"column":15},"end":{"line":49,"column":9}},"type":"if","locations":[{"start":{"line":47,"column":15},"end":{"line":49,"column":9}},{"start":{},"end":{}}],"line":47},"4":{"loc":{"start":{"line":60,"column":8},"end":{"line":63,"column":9}},"type":"if","locations":[{"start":{"line":60,"column":8},"end":{"line":63,"column":9}},{"start":{},"end":{}}],"line":60},"5":{"loc":{"start":{"line":60,"column":11},"end":{"line":60,"column":40}},"type":"binary-expr","locations":[{"start":{"line":60,"column":11},"end":{"line":60,"column":21}},{"start":{"line":60,"column":25},"end":{"line":60,"column":40}}],"line":60},"6":{"loc":{"start":{"line":73,"column":8},"end":{"line":78,"column":9}},"type":"if","locations":[{"start":{"line":73,"column":8},"end":{"line":78,"column":9}},{"start":{"line":76,"column":13},"end":{"line":78,"column":9}}],"line":73},"7":{"loc":{"start":{"line":76,"column":13},"end":{"line":78,"column":9}},"type":"if","locations":[{"start":{"line":76,"column":13},"end":{"line":78,"column":9}},{"start":{},"end":{}}],"line":76},"8":{"loc":{"start":{"line":80,"column":8},"end":{"line":83,"column":9}},"type":"if","locations":[{"start":{"line":80,"column":8},"end":{"line":83,"column":9}},{"start":{},"end":{}}],"line":80},"9":{"loc":{"start":{"line":80,"column":11},"end":{"line":80,"column":40}},"type":"binary-expr","locations":[{"start":{"line":80,"column":11},"end":{"line":80,"column":21}},{"start":{"line":80,"column":25},"end":{"line":80,"column":40}}],"line":80},"10":{"loc":{"start":{"line":111,"column":9},"end":{"line":117,"column":15}},"type":"cond-expr","locations":[{"start":{"line":111,"column":57},"end":{"line":116,"column":39}},{"start":{"line":117,"column":10},"end":{"line":117,"column":15}}],"line":111},"11":{"loc":{"start":{"line":111,"column":9},"end":{"line":111,"column":54}},"type":"binary-expr","locations":[{"start":{"line":111,"column":9},"end":{"line":111,"column":27}},{"start":{"line":111,"column":31},"end":{"line":111,"column":54}}],"line":111},"12":{"loc":{"start":{"line":118,"column":9},"end":{"line":123,"column":15}},"type":"cond-expr","locations":[{"start":{"line":118,"column":57},"end":{"line":122,"column":47}},{"start":{"line":123,"column":10},"end":{"line":123,"column":15}}],"line":118},"13":{"loc":{"start":{"line":118,"column":9},"end":{"line":118,"column":54}},"type":"binary-expr","locations":[{"start":{"line":118,"column":9},"end":{"line":118,"column":32}},{"start":{"line":118,"column":36},"end":{"line":118,"column":54}}],"line":118},"14":{"loc":{"start":{"line":124,"column":9},"end":{"line":124,"column":148}},"type":"cond-expr","locations":[{"start":{"line":124,"column":79},"end":{"line":124,"column":139}},{"start":{"line":124,"column":142},"end":{"line":124,"column":148}}],"line":124},"15":{"loc":{"start":{"line":124,"column":9},"end":{"line":124,"column":76}},"type":"binary-expr","locations":[{"start":{"line":124,"column":9},"end":{"line":124,"column":21}},{"start":{"line":124,"column":26},"end":{"line":124,"column":51}},{"start":{"line":124,"column":55},"end":{"line":124,"column":75}}],"line":124},"16":{"loc":{"start":{"line":125,"column":9},"end":{"line":125,"column":120}},"type":"cond-expr","locations":[{"start":{"line":125,"column":70},"end":{"line":125,"column":111}},{"start":{"line":125,"column":114},"end":{"line":125,"column":120}}],"line":125},"17":{"loc":{"start":{"line":125,"column":9},"end":{"line":125,"column":67}},"type":"binary-expr","locations":[{"start":{"line":125,"column":9},"end":{"line":125,"column":12}},{"start":{"line":125,"column":17},"end":{"line":125,"column":42}},{"start":{"line":125,"column":46},"end":{"line":125,"column":66}}],"line":125}},"s":{"0":2,"1":7,"2":7,"3":7,"4":7,"5":7,"6":7,"7":7,"8":7,"9":7,"10":7,"11":1,"12":1,"13":1,"14":1,"15":1,"16":1,"17":0,"18":0,"19":0,"20":0,"21":0,"22":0,"23":0,"24":0,"25":0,"26":0,"27":0,"28":0,"29":0,"30":0,"31":0,"32":0,"33":0,"34":0,"35":0,"36":0,"37":0,"38":0,"39":0,"40":0,"41":0,"42":0,"43":0,"44":0,"45":0,"46":0,"47":0,"48":0,"49":0,"50":0,"51":0,"52":7,"53":0,"54":0},"f":{"0":7,"1":1,"2":0,"3":0,"4":0},"b":{"0":[0,0],"1":[0,0],"2":[0,0],"3":[0,0],"4":[0,0],"5":[0,0],"6":[0,0],"7":[0,0],"8":[0,0],"9":[0,0],"10":[0,7],"11":[7,0],"12":[0,7],"13":[7,0],"14":[1,6],"15":[7,1,0],"16":[0,7],"17":[7,0,0]},"_coverageSchema":"1a1c01bbd47fc00a2c39e90264f33305004495a9","hash":"23561c3e591f5b384635ed30ac597c035419a034"}
,"C:\\Users\\user\\Documents\\code\\Portolio Projects\\GlobeTrotter\\client\\src\\components\\ListItem.js": {"path":"C:\\Users\\user\\Documents\\code\\Portolio Projects\\GlobeTrotter\\client\\src\\components\\ListItem.js","statementMap":{"0":{"start":{"line":2,"column":1},"end":{"line":8,"column":2}}},"fnMap":{"0":{"name":"ListItem","decl":{"start":{"line":1,"column":9},"end":{"line":1,"column":17}},"loc":{"start":{"line":1,"column":25},"end":{"line":9,"column":1}},"line":1}},"branchMap":{},"s":{"0":3},"f":{"0":3},"b":{},"_coverageSchema":"1a1c01bbd47fc00a2c39e90264f33305004495a9","hash":"7ecff3e64246895a6afbab41d8c627cce99240e8"}
,"C:\\Users\\user\\Documents\\code\\Portolio Projects\\GlobeTrotter\\client\\src\\components\\Navbar.js": {"path":"C:\\Users\\user\\Documents\\code\\Portolio Projects\\GlobeTrotter\\client\\src\\components\\Navbar.js","statementMap":{"0":{"start":{"line":7,"column":35},"end":{"line":7,"column":54}},"1":{"start":{"line":8,"column":1},"end":{"line":13,"column":2}}},"fnMap":{"0":{"name":"Navbar","decl":{"start":{"line":6,"column":9},"end":{"line":6,"column":15}},"loc":{"start":{"line":6,"column":18},"end":{"line":14,"column":1}},"line":6}},"branchMap":{"0":{"loc":{"start":{"line":11,"column":5},"end":{"line":11,"column":94}},"type":"cond-expr","locations":[{"start":{"line":11,"column":16},"end":{"line":11,"column":53}},{"start":{"line":11,"column":56},"end":{"line":11,"column":94}}],"line":11}},"s":{"0":1,"1":1},"f":{"0":1},"b":{"0":[0,1]},"_coverageSchema":"1a1c01bbd47fc00a2c39e90264f33305004495a9","hash":"9d168f6bea7dfde41cc326ace2aef8cee82546ed"}
,"C:\\Users\\user\\Documents\\code\\Portolio Projects\\GlobeTrotter\\client\\src\\components\\Options.js": {"path":"C:\\Users\\user\\Documents\\code\\Portolio Projects\\GlobeTrotter\\client\\src\\components\\Options.js","statementMap":{"0":{"start":{"line":3,"column":16},"end":{"line":130,"column":1}},"1":{"start":{"line":5,"column":26},"end":{"line":5,"column":41}},"2":{"start":{"line":6,"column":31},"end":{"line":6,"column":46}},"3":{"start":{"line":7,"column":31},"end":{"line":7,"column":46}},"4":{"start":{"line":8,"column":25},"end":{"line":8,"column":40}},"5":{"start":{"line":9,"column":31},"end":{"line":9,"column":46}},"6":{"start":{"line":10,"column":29},"end":{"line":10,"column":44}},"7":{"start":{"line":11,"column":29},"end":{"line":11,"column":44}},"8":{"start":{"line":12,"column":35},"end":{"line":12,"column":50}},"9":{"start":{"line":14,"column":26},"end":{"line":14,"column":91}},"10":{"start":{"line":17,"column":4},"end":{"line":24,"column":23}},"11":{"start":{"line":18,"column":8},"end":{"line":23,"column":9}},"12":{"start":{"line":19,"column":12},"end":{"line":19,"column":32}},"13":{"start":{"line":22,"column":12},"end":{"line":22,"column":33}},"14":{"start":{"line":26,"column":40},"end":{"line":26,"column":54}},"15":{"start":{"line":29,"column":36},"end":{"line":29,"column":47}},"16":{"start":{"line":30,"column":44},"end":{"line":30,"column":55}},"17":{"start":{"line":31,"column":44},"end":{"line":31,"column":55}},"18":{"start":{"line":32,"column":38},"end":{"line":32,"column":49}},"19":{"start":{"line":33,"column":44},"end":{"line":33,"column":55}},"20":{"start":{"line":34,"column":42},"end":{"line":34,"column":53}},"21":{"start":{"line":35,"column":42},"end":{"line":35,"column":53}},"22":{"start":{"line":36,"column":48},"end":{"line":36,"column":59}},"23":{"start":{"line":40,"column":2},"end":{"line":56,"column":6}},"24":{"start":{"line":41,"column":3},"end":{"line":41,"column":16}},"25":{"start":{"line":42,"column":9},"end":{"line":56,"column":6}},"26":{"start":{"line":43,"column":3},"end":{"line":43,"column":24}},"27":{"start":{"line":44,"column":9},"end":{"line":56,"column":6}},"28":{"start":{"line":45,"column":3},"end":{"line":45,"column":24}},"29":{"start":{"line":46,"column":9},"end":{"line":56,"column":6}},"30":{"start":{"line":47,"column":3},"end":{"line":47,"column":18}},"31":{"start":{"line":48,"column":12},"end":{"line":56,"column":6}},"32":{"start":{"line":49,"column":3},"end":{"line":49,"column":24}},"33":{"start":{"line":50,"column":12},"end":{"line":56,"column":6}},"34":{"start":{"line":51,"column":3},"end":{"line":51,"column":22}},"35":{"start":{"line":52,"column":12},"end":{"line":56,"column":6}},"36":{"start":{"line":53,"column":3},"end":{"line":53,"column":22}},"37":{"start":{"line":54,"column":12},"end":{"line":56,"column":6}},"38":{"start":{"line":55,"column":3},"end":{"line":55,"column":28}},"39":{"start":{"line":60,"column":8},"end":{"line":76,"column":9}},"40":{"start":{"line":61,"column":12},"end":{"line":61,"column":39}},"41":{"start":{"line":62,"column":15},"end":{"line":76,"column":9}},"42":{"start":{"line":63,"column":12},"end":{"line":63,"column":44}},"43":{"start":{"line":64,"column":15},"end":{"line":76,"column":9}},"44":{"start":{"line":65,"column":12},"end":{"line":65,"column":44}},"45":{"start":{"line":66,"column":15},"end":{"line":76,"column":9}},"46":{"start":{"line":67,"column":12},"end":{"line":67,"column":41}},"47":{"start":{"line":68,"column":15},"end":{"line":76,"column":9}},"48":{"start":{"line":69,"column":12},"end":{"line":69,"column":44}},"49":{"start":{"line":70,"column":15},"end":{"line":76,"column":9}},"50":{"start":{"line":71,"column":12},"end":{"line":71,"column":43}},"51":{"start":{"line":72,"column":15},"end":{"line":76,"column":9}},"52":{"start":{"line":73,"column":12},"end":{"line":73,"column":43}},"53":{"start":{"line":74,"column":15},"end":{"line":76,"column":9}},"54":{"start":{"line":75,"column":12},"end":{"line":75,"column":46}},"55":{"start":{"line":80,"column":8},"end":{"line":80,"column":26}},"56":{"start":{"line":81,"column":8},"end":{"line":81,"column":21}},"57":{"start":{"line":84,"column":4},"end":{"line":129,"column":5}}},"fnMap":{"0":{"name":"(anonymous_0)","decl":{"start":{"line":3,"column":16},"end":{"line":3,"column":17}},"loc":{"start":{"line":3,"column":34},"end":{"line":130,"column":1}},"line":3},"1":{"name":"(anonymous_1)","decl":{"start":{"line":17,"column":15},"end":{"line":17,"column":16}},"loc":{"start":{"line":17,"column":19},"end":{"line":24,"column":5}},"line":17},"2":{"name":"handleCheck","decl":{"start":{"line":39,"column":13},"end":{"line":39,"column":24}},"loc":{"start":{"line":39,"column":27},"end":{"line":57,"column":5}},"line":39},"3":{"name":"handleSlide","decl":{"start":{"line":59,"column":13},"end":{"line":59,"column":24}},"loc":{"start":{"line":59,"column":27},"end":{"line":77,"column":2}},"line":59},"4":{"name":"handleSubmit","decl":{"start":{"line":79,"column":13},"end":{"line":79,"column":25}},"loc":{"start":{"line":79,"column":28},"end":{"line":82,"column":5}},"line":79}},"branchMap":{"0":{"loc":{"start":{"line":18,"column":8},"end":{"line":23,"column":9}},"type":"if","locations":[{"start":{"line":18,"column":8},"end":{"line":23,"column":9}},{"start":{"line":21,"column":12},"end":{"line":23,"column":9}}],"line":18},"1":{"loc":{"start":{"line":18,"column":11},"end":{"line":18,"column":96}},"type":"binary-expr","locations":[{"start":{"line":18,"column":11},"end":{"line":18,"column":15}},{"start":{"line":18,"column":19},"end":{"line":18,"column":27}},{"start":{"line":18,"column":31},"end":{"line":18,"column":39}},{"start":{"line":18,"column":43},"end":{"line":18,"column":48}},{"start":{"line":18,"column":52},"end":{"line":18,"column":60}},{"start":{"line":18,"column":64},"end":{"line":18,"column":71}},{"start":{"line":18,"column":75},"end":{"line":18,"column":82}},{"start":{"line":18,"column":86},"end":{"line":18,"column":96}}],"line":18},"2":{"loc":{"start":{"line":40,"column":2},"end":{"line":56,"column":6}},"type":"if","locations":[{"start":{"line":40,"column":2},"end":{"line":56,"column":6}},{"start":{"line":42,"column":9},"end":{"line":56,"column":6}}],"line":40},"3":{"loc":{"start":{"line":42,"column":9},"end":{"line":56,"column":6}},"type":"if","locations":[{"start":{"line":42,"column":9},"end":{"line":56,"column":6}},{"start":{"line":44,"column":9},"end":{"line":56,"column":6}}],"line":42},"4":{"loc":{"start":{"line":44,"column":9},"end":{"line":56,"column":6}},"type":"if","locations":[{"start":{"line":44,"column":9},"end":{"line":56,"column":6}},{"start":{"line":46,"column":9},"end":{"line":56,"column":6}}],"line":44},"5":{"loc":{"start":{"line":46,"column":9},"end":{"line":56,"column":6}},"type":"if","locations":[{"start":{"line":46,"column":9},"end":{"line":56,"column":6}},{"start":{"line":48,"column":12},"end":{"line":56,"column":6}}],"line":46},"6":{"loc":{"start":{"line":48,"column":12},"end":{"line":56,"column":6}},"type":"if","locations":[{"start":{"line":48,"column":12},"end":{"line":56,"column":6}},{"start":{"line":50,"column":12},"end":{"line":56,"column":6}}],"line":48},"7":{"loc":{"start":{"line":50,"column":12},"end":{"line":56,"column":6}},"type":"if","locations":[{"start":{"line":50,"column":12},"end":{"line":56,"column":6}},{"start":{"line":52,"column":12},"end":{"line":56,"column":6}}],"line":50},"8":{"loc":{"start":{"line":52,"column":12},"end":{"line":56,"column":6}},"type":"if","locations":[{"start":{"line":52,"column":12},"end":{"line":56,"column":6}},{"start":{"line":54,"column":12},"end":{"line":56,"column":6}}],"line":52},"9":{"loc":{"start":{"line":54,"column":12},"end":{"line":56,"column":6}},"type":"if","locations":[{"start":{"line":54,"column":12},"end":{"line":56,"column":6}},{"start":{},"end":{}}],"line":54},"10":{"loc":{"start":{"line":60,"column":8},"end":{"line":76,"column":9}},"type":"if","locations":[{"start":{"line":60,"column":8},"end":{"line":76,"column":9}},{"start":{"line":62,"column":15},"end":{"line":76,"column":9}}],"line":60},"11":{"loc":{"start":{"line":62,"column":15},"end":{"line":76,"column":9}},"type":"if","locations":[{"start":{"line":62,"column":15},"end":{"line":76,"column":9}},{"start":{"line":64,"column":15},"end":{"line":76,"column":9}}],"line":62},"12":{"loc":{"start":{"line":64,"column":15},"end":{"line":76,"column":9}},"type":"if","locations":[{"start":{"line":64,"column":15},"end":{"line":76,"column":9}},{"start":{"line":66,"column":15},"end":{"line":76,"column":9}}],"line":64},"13":{"loc":{"start":{"line":66,"column":15},"end":{"line":76,"column":9}},"type":"if","locations":[{"start":{"line":66,"column":15},"end":{"line":76,"column":9}},{"start":{"line":68,"column":15},"end":{"line":76,"column":9}}],"line":66},"14":{"loc":{"start":{"line":68,"column":15},"end":{"line":76,"column":9}},"type":"if","locations":[{"start":{"line":68,"column":15},"end":{"line":76,"column":9}},{"start":{"line":70,"column":15},"end":{"line":76,"column":9}}],"line":68},"15":{"loc":{"start":{"line":70,"column":15},"end":{"line":76,"column":9}},"type":"if","locations":[{"start":{"line":70,"column":15},"end":{"line":76,"column":9}},{"start":{"line":72,"column":15},"end":{"line":76,"column":9}}],"line":70},"16":{"loc":{"start":{"line":72,"column":15},"end":{"line":76,"column":9}},"type":"if","locations":[{"start":{"line":72,"column":15},"end":{"line":76,"column":9}},{"start":{"line":74,"column":15},"end":{"line":76,"column":9}}],"line":72},"17":{"loc":{"start":{"line":74,"column":15},"end":{"line":76,"column":9}},"type":"if","locations":[{"start":{"line":74,"column":15},"end":{"line":76,"column":9}},{"start":{},"end":{}}],"line":74},"18":{"loc":{"start":{"line":89,"column":17},"end":{"line":89,"column":218}},"type":"cond-expr","locations":[{"start":{"line":89,"column":22},"end":{"line":89,"column":210}},{"start":{"line":89,"column":213},"end":{"line":89,"column":218}}],"line":89},"19":{"loc":{"start":{"line":94,"column":17},"end":{"line":94,"column":284}},"type":"cond-expr","locations":[{"start":{"line":94,"column":26},"end":{"line":94,"column":276}},{"start":{"line":94,"column":279},"end":{"line":94,"column":284}}],"line":94},"20":{"loc":{"start":{"line":99,"column":17},"end":{"line":99,"column":238}},"type":"cond-expr","locations":[{"start":{"line":99,"column":26},"end":{"line":99,"column":230}},{"start":{"line":99,"column":233},"end":{"line":99,"column":238}}],"line":99},"21":{"loc":{"start":{"line":104,"column":17},"end":{"line":104,"column":223}},"type":"cond-expr","locations":[{"start":{"line":104,"column":23},"end":{"line":104,"column":215}},{"start":{"line":104,"column":218},"end":{"line":104,"column":223}}],"line":104},"22":{"loc":{"start":{"line":109,"column":17},"end":{"line":109,"column":238}},"type":"cond-expr","locations":[{"start":{"line":109,"column":26},"end":{"line":109,"column":230}},{"start":{"line":109,"column":233},"end":{"line":109,"column":238}}],"line":109},"23":{"loc":{"start":{"line":114,"column":17},"end":{"line":114,"column":234}},"type":"cond-expr","locations":[{"start":{"line":114,"column":25},"end":{"line":114,"column":226}},{"start":{"line":114,"column":229},"end":{"line":114,"column":234}}],"line":114},"24":{"loc":{"start":{"line":119,"column":17},"end":{"line":119,"column":233}},"type":"cond-expr","locations":[{"start":{"line":119,"column":25},"end":{"line":119,"column":225}},{"start":{"line":119,"column":228},"end":{"line":119,"column":233}}],"line":119},"25":{"loc":{"start":{"line":124,"column":17},"end":{"line":124,"column":248}},"type":"cond-expr","locations":[{"start":{"line":124,"column":28},"end":{"line":124,"column":240}},{"start":{"line":124,"column":243},"end":{"line":124,"column":248}}],"line":124},"26":{"loc":{"start":{"line":127,"column":17},"end":{"line":127,"column":119}},"type":"cond-expr","locations":[{"start":{"line":127,"column":30},"end":{"line":127,"column":78}},{"start":{"line":127,"column":80},"end":{"line":127,"column":119}}],"line":127}},"s":{"0":2,"1":59,"2":59,"3":59,"4":59,"5":59,"6":59,"7":59,"8":59,"9":59,"10":59,"11":46,"12":22,"13":24,"14":59,"15":59,"16":59,"17":59,"18":59,"19":59,"20":59,"21":59,"22":59,"23":11,"24":1,"25":10,"26":1,"27":9,"28":1,"29":8,"30":1,"31":7,"32":1,"33":6,"34":1,"35":5,"36":2,"37":3,"38":3,"39":2,"40":0,"41":2,"42":0,"43":2,"44":0,"45":2,"46":0,"47":2,"48":0,"49":2,"50":0,"51":2,"52":1,"53":1,"54":1,"55":1,"56":1,"57":59},"f":{"0":59,"1":46,"2":11,"3":2,"4":1},"b":{"0":[22,24],"1":[46,44,42,40,38,36,34,29],"2":[1,10],"3":[1,9],"4":[1,8],"5":[1,7],"6":[1,6],"7":[1,5],"8":[2,3],"9":[3,0],"10":[0,2],"11":[0,2],"12":[0,2],"13":[0,2],"14":[0,2],"15":[0,2],"16":[1,1],"17":[1,0],"18":[3,56],"19":[3,56],"20":[3,56],"21":[3,56],"22":[3,56],"23":[3,56],"24":[8,51],"25":[11,48],"26":[33,26]},"_coverageSchema":"1a1c01bbd47fc00a2c39e90264f33305004495a9","hash":"567182465de172f1e5aad25d1414e4087ae90f07"}
,"C:\\Users\\user\\Documents\\code\\Portolio Projects\\GlobeTrotter\\client\\src\\components\\ResultItem.js": {"path":"C:\\Users\\user\\Documents\\code\\Portolio Projects\\GlobeTrotter\\client\\src\\components\\ResultItem.js","statementMap":{"0":{"start":{"line":6,"column":19},"end":{"line":22,"column":1}},"1":{"start":{"line":7,"column":21},"end":{"line":7,"column":34}},"2":{"start":{"line":8,"column":26},"end":{"line":8,"column":45}},"3":{"start":{"line":11,"column":8},"end":{"line":11,"column":30}},"4":{"start":{"line":12,"column":8},"end":{"line":12,"column":26}},"5":{"start":{"line":15,"column":4},"end":{"line":21,"column":5}}},"fnMap":{"0":{"name":"(anonymous_0)","decl":{"start":{"line":6,"column":19},"end":{"line":6,"column":20}},"loc":{"start":{"line":6,"column":35},"end":{"line":22,"column":1}},"line":6},"1":{"name":"handleClick","decl":{"start":{"line":10,"column":13},"end":{"line":10,"column":24}},"loc":{"start":{"line":10,"column":26},"end":{"line":13,"column":5}},"line":10}},"branchMap":{},"s":{"0":3,"1":9,"2":9,"3":2,"4":0,"5":9},"f":{"0":9,"1":2},"b":{},"_coverageSchema":"1a1c01bbd47fc00a2c39e90264f33305004495a9","hash":"9ae7ba755eac8bacda40a5c476f6b114fd797130"}
,"C:\\Users\\user\\Documents\\code\\Portolio Projects\\GlobeTrotter\\client\\src\\components\\Tab.js": {"path":"C:\\Users\\user\\Documents\\code\\Portolio Projects\\GlobeTrotter\\client\\src\\components\\Tab.js","statementMap":{"0":{"start":{"line":4,"column":31},"end":{"line":4,"column":53}},"1":{"start":{"line":6,"column":1},"end":{"line":8,"column":27}},"2":{"start":{"line":7,"column":2},"end":{"line":7,"column":26}},"3":{"start":{"line":11,"column":2},"end":{"line":11,"column":96}},"4":{"start":{"line":14,"column":21},"end":{"line":16,"column":2}},"5":{"start":{"line":15,"column":2},"end":{"line":15,"column":38}},"6":{"start":{"line":18,"column":1},"end":{"line":22,"column":2}}},"fnMap":{"0":{"name":"Tab","decl":{"start":{"line":3,"column":9},"end":{"line":3,"column":12}},"loc":{"start":{"line":3,"column":20},"end":{"line":23,"column":1}},"line":3},"1":{"name":"(anonymous_1)","decl":{"start":{"line":6,"column":11},"end":{"line":6,"column":12}},"loc":{"start":{"line":6,"column":17},"end":{"line":8,"column":2}},"line":6},"2":{"name":"getColours","decl":{"start":{"line":10,"column":10},"end":{"line":10,"column":20}},"loc":{"start":{"line":10,"column":23},"end":{"line":12,"column":2}},"line":10},"3":{"name":"(anonymous_3)","decl":{"start":{"line":14,"column":21},"end":{"line":14,"column":22}},"loc":{"start":{"line":14,"column":27},"end":{"line":16,"column":2}},"line":14}},"branchMap":{"0":{"loc":{"start":{"line":11,"column":9},"end":{"line":11,"column":96}},"type":"cond-expr","locations":[{"start":{"line":11,"column":48},"end":{"line":11,"column":64}},{"start":{"line":11,"column":67},"end":{"line":11,"column":96}}],"line":11}},"s":{"0":15,"1":10,"2":8,"3":23,"4":10,"5":0,"6":10},"f":{"0":15,"1":8,"2":23,"3":0},"b":{"0":[9,9]},"_coverageSchema":"1a1c01bbd47fc00a2c39e90264f33305004495a9","hash":"c3cce48e6a497ef7c259d81d85271bcdefcc38b9"}
,"C:\\Users\\user\\Documents\\code\\Portolio Projects\\GlobeTrotter\\client\\src\\components\\UserMenu.js": {"path":"C:\\Users\\user\\Documents\\code\\Portolio Projects\\GlobeTrotter\\client\\src\\components\\UserMenu.js","statementMap":{"0":{"start":{"line":6,"column":18},"end":{"line":6,"column":31}},"1":{"start":{"line":7,"column":25},"end":{"line":7,"column":40}},"2":{"start":{"line":9,"column":24},"end":{"line":11,"column":2}},"3":{"start":{"line":10,"column":2},"end":{"line":10,"column":26}},"4":{"start":{"line":10,"column":19},"end":{"line":10,"column":25}},"5":{"start":{"line":13,"column":22},"end":{"line":31,"column":2}},"6":{"start":{"line":16,"column":3},"end":{"line":26,"column":4}},"7":{"start":{"line":17,"column":25},"end":{"line":17,"column":80}},"8":{"start":{"line":18,"column":4},"end":{"line":18,"column":31}},"9":{"start":{"line":19,"column":4},"end":{"line":19,"column":48}},"10":{"start":{"line":20,"column":4},"end":{"line":20,"column":51}},"11":{"start":{"line":21,"column":4},"end":{"line":21,"column":25}},"12":{"start":{"line":22,"column":4},"end":{"line":22,"column":17}},"13":{"start":{"line":25,"column":4},"end":{"line":25,"column":26}},"14":{"start":{"line":29,"column":2},"end":{"line":29,"column":10}},"15":{"start":{"line":30,"column":2},"end":{"line":30,"column":16}},"16":{"start":{"line":33,"column":1},"end":{"line":45,"column":2}},"17":{"start":{"line":39,"column":49},"end":{"line":39,"column":64}},"18":{"start":{"line":39,"column":65},"end":{"line":39,"column":85}}},"fnMap":{"0":{"name":"UserMenu","decl":{"start":{"line":5,"column":9},"end":{"line":5,"column":17}},"loc":{"start":{"line":5,"column":25},"end":{"line":46,"column":1}},"line":5},"1":{"name":"(anonymous_1)","decl":{"start":{"line":9,"column":24},"end":{"line":9,"column":25}},"loc":{"start":{"line":9,"column":30},"end":{"line":11,"column":2}},"line":9},"2":{"name":"(anonymous_2)","decl":{"start":{"line":10,"column":10},"end":{"line":10,"column":11}},"loc":{"start":{"line":10,"column":19},"end":{"line":10,"column":25}},"line":10},"3":{"name":"(anonymous_3)","decl":{"start":{"line":13,"column":22},"end":{"line":13,"column":23}},"loc":{"start":{"line":13,"column":28},"end":{"line":31,"column":2}},"line":13},"4":{"name":"logout","decl":{"start":{"line":15,"column":17},"end":{"line":15,"column":23}},"loc":{"start":{"line":15,"column":26},"end":{"line":27,"column":3}},"line":15},"5":{"name":"(anonymous_5)","decl":{"start":{"line":39,"column":41},"end":{"line":39,"column":42}},"loc":{"start":{"line":39,"column":47},"end":{"line":39,"column":86}},"line":39}},"branchMap":{"0":{"loc":{"start":{"line":36,"column":5},"end":{"line":42,"column":10}},"type":"binary-expr","locations":[{"start":{"line":36,"column":5},"end":{"line":36,"column":9}},{"start":{"line":37,"column":4},"end":{"line":42,"column":10}}],"line":36}},"s":{"0":11,"1":11,"2":11,"3":4,"4":4,"5":11,"6":1,"7":1,"8":0,"9":0,"10":0,"11":0,"12":0,"13":1,"14":1,"15":1,"16":11,"17":1,"18":1},"f":{"0":11,"1":4,"2":4,"3":1,"4":1,"5":1},"b":{"0":[11,4]},"_coverageSchema":"1a1c01bbd47fc00a2c39e90264f33305004495a9","hash":"f3e9a3058db439ea9ec5b342e9b4966d57713a50"}
,"C:\\Users\\user\\Documents\\code\\Portolio Projects\\GlobeTrotter\\client\\src\\components\\Weather.js": {"path":"C:\\Users\\user\\Documents\\code\\Portolio Projects\\GlobeTrotter\\client\\src\\components\\Weather.js","statementMap":{"0":{"start":{"line":5,"column":16},"end":{"line":126,"column":1}},"1":{"start":{"line":6,"column":21},"end":{"line":6,"column":54}},"2":{"start":{"line":9,"column":36},"end":{"line":9,"column":62}},"3":{"start":{"line":10,"column":50},"end":{"line":10,"column":62}},"4":{"start":{"line":12,"column":42},"end":{"line":12,"column":57}},"5":{"start":{"line":13,"column":52},"end":{"line":13,"column":64}},"6":{"start":{"line":14,"column":30},"end":{"line":14,"column":41}},"7":{"start":{"line":16,"column":28},"end":{"line":40,"column":5}},"8":{"start":{"line":17,"column":8},"end":{"line":17,"column":26}},"9":{"start":{"line":18,"column":8},"end":{"line":18,"column":29}},"10":{"start":{"line":20,"column":8},"end":{"line":20,"column":36}},"11":{"start":{"line":21,"column":8},"end":{"line":38,"column":10}},"12":{"start":{"line":22,"column":12},"end":{"line":37,"column":14}},"13":{"start":{"line":23,"column":16},"end":{"line":35,"column":18}},"14":{"start":{"line":24,"column":40},"end":{"line":24,"column":66}},"15":{"start":{"line":25,"column":31},"end":{"line":25,"column":32}},"16":{"start":{"line":26,"column":16},"end":{"line":28,"column":18}},"17":{"start":{"line":27,"column":20},"end":{"line":27,"column":66}},"18":{"start":{"line":29,"column":16},"end":{"line":29,"column":38}},"19":{"start":{"line":31,"column":16},"end":{"line":35,"column":17}},"20":{"start":{"line":32,"column":20},"end":{"line":32,"column":82}},"21":{"start":{"line":32,"column":54},"end":{"line":32,"column":81}},"22":{"start":{"line":36,"column":16},"end":{"line":36,"column":46}},"23":{"start":{"line":36,"column":36},"end":{"line":36,"column":45}},"24":{"start":{"line":75,"column":8},"end":{"line":75,"column":44}},"25":{"start":{"line":79,"column":8},"end":{"line":79,"column":36}},"26":{"start":{"line":83,"column":8},"end":{"line":83,"column":32}},"27":{"start":{"line":90,"column":4},"end":{"line":125,"column":9}},"28":{"start":{"line":118,"column":74},"end":{"line":118,"column":124}},"29":{"start":{"line":120,"column":130},"end":{"line":120,"column":179}}},"fnMap":{"0":{"name":"(anonymous_0)","decl":{"start":{"line":5,"column":16},"end":{"line":5,"column":17}},"loc":{"start":{"line":5,"column":47},"end":{"line":126,"column":1}},"line":5},"1":{"name":"(anonymous_1)","decl":{"start":{"line":16,"column":28},"end":{"line":16,"column":29}},"loc":{"start":{"line":16,"column":35},"end":{"line":40,"column":5}},"line":16},"2":{"name":"(anonymous_2)","decl":{"start":{"line":21,"column":26},"end":{"line":21,"column":27}},"loc":{"start":{"line":21,"column":45},"end":{"line":38,"column":9}},"line":21},"3":{"name":"(anonymous_3)","decl":{"start":{"line":22,"column":193},"end":{"line":22,"column":194}},"loc":{"start":{"line":22,"column":205},"end":{"line":37,"column":13}},"line":22},"4":{"name":"(anonymous_4)","decl":{"start":{"line":26,"column":43},"end":{"line":26,"column":44}},"loc":{"start":{"line":26,"column":50},"end":{"line":28,"column":17}},"line":26},"5":{"name":"(anonymous_5)","decl":{"start":{"line":32,"column":38},"end":{"line":32,"column":39}},"loc":{"start":{"line":32,"column":54},"end":{"line":32,"column":81}},"line":32},"6":{"name":"(anonymous_6)","decl":{"start":{"line":36,"column":27},"end":{"line":36,"column":28}},"loc":{"start":{"line":36,"column":36},"end":{"line":36,"column":45}},"line":36},"7":{"name":"handleSlide","decl":{"start":{"line":74,"column":13},"end":{"line":74,"column":24}},"loc":{"start":{"line":74,"column":27},"end":{"line":76,"column":5}},"line":74},"8":{"name":"handleCheck","decl":{"start":{"line":78,"column":13},"end":{"line":78,"column":24}},"loc":{"start":{"line":78,"column":26},"end":{"line":80,"column":5}},"line":78},"9":{"name":"handleMonth","decl":{"start":{"line":82,"column":13},"end":{"line":82,"column":24}},"loc":{"start":{"line":82,"column":27},"end":{"line":84,"column":5}},"line":82},"10":{"name":"handleClick","decl":{"start":{"line":86,"column":13},"end":{"line":86,"column":24}},"loc":{"start":{"line":86,"column":27},"end":{"line":88,"column":5}},"line":86},"11":{"name":"(anonymous_11)","decl":{"start":{"line":118,"column":64},"end":{"line":118,"column":65}},"loc":{"start":{"line":118,"column":74},"end":{"line":118,"column":124}},"line":118},"12":{"name":"(anonymous_12)","decl":{"start":{"line":120,"column":119},"end":{"line":120,"column":120}},"loc":{"start":{"line":120,"column":130},"end":{"line":120,"column":179}},"line":120}},"branchMap":{"0":{"loc":{"start":{"line":23,"column":16},"end":{"line":35,"column":18}},"type":"if","locations":[{"start":{"line":23,"column":16},"end":{"line":35,"column":18}},{"start":{},"end":{}}],"line":23},"1":{"loc":{"start":{"line":31,"column":16},"end":{"line":35,"column":17}},"type":"if","locations":[{"start":{"line":31,"column":16},"end":{"line":35,"column":17}},{"start":{"line":33,"column":23},"end":{"line":35,"column":17}}],"line":31},"2":{"loc":{"start":{"line":96,"column":17},"end":{"line":96,"column":250}},"type":"cond-expr","locations":[{"start":{"line":96,"column":30},"end":{"line":96,"column":242}},{"start":{"line":96,"column":245},"end":{"line":96,"column":250}}],"line":96},"3":{"loc":{"start":{"line":97,"column":17},"end":{"line":111,"column":39}},"type":"cond-expr","locations":[{"start":{"line":97,"column":32},"end":{"line":110,"column":41}},{"start":{"line":111,"column":34},"end":{"line":111,"column":39}}],"line":97},"4":{"loc":{"start":{"line":112,"column":17},"end":{"line":112,"column":81}},"type":"cond-expr","locations":[{"start":{"line":112,"column":30},"end":{"line":112,"column":73}},{"start":{"line":112,"column":76},"end":{"line":112,"column":81}}],"line":112},"5":{"loc":{"start":{"line":117,"column":17},"end":{"line":118,"column":141}},"type":"cond-expr","locations":[{"start":{"line":117,"column":43},"end":{"line":118,"column":134}},{"start":{"line":118,"column":136},"end":{"line":118,"column":141}}],"line":117},"6":{"loc":{"start":{"line":120,"column":17},"end":{"line":120,"column":220}},"type":"cond-expr","locations":[{"start":{"line":120,"column":74},"end":{"line":120,"column":187}},{"start":{"line":120,"column":190},"end":{"line":120,"column":220}}],"line":120},"7":{"loc":{"start":{"line":120,"column":17},"end":{"line":120,"column":71}},"type":"binary-expr","locations":[{"start":{"line":120,"column":17},"end":{"line":120,"column":26}},{"start":{"line":120,"column":30},"end":{"line":120,"column":55}},{"start":{"line":120,"column":59},"end":{"line":120,"column":71}}],"line":120},"8":{"loc":{"start":{"line":122,"column":17},"end":{"line":122,"column":130}},"type":"cond-expr","locations":[{"start":{"line":122,"column":73},"end":{"line":122,"column":122}},{"start":{"line":122,"column":125},"end":{"line":122,"column":130}}],"line":122},"9":{"loc":{"start":{"line":122,"column":17},"end":{"line":122,"column":70}},"type":"binary-expr","locations":[{"start":{"line":122,"column":17},"end":{"line":122,"column":26}},{"start":{"line":122,"column":30},"end":{"line":122,"column":55}},{"start":{"line":122,"column":59},"end":{"line":122,"column":70}}],"line":122}},"s":{"0":2,"1":13,"2":13,"3":13,"4":13,"5":13,"6":13,"7":13,"8":2,"9":2,"10":2,"11":2,"12":2,"13":0,"14":0,"15":0,"16":0,"17":0,"18":0,"19":0,"20":0,"21":0,"22":0,"23":0,"24":0,"25":4,"26":1,"27":13,"28":0,"29":6},"f":{"0":13,"1":2,"2":2,"3":0,"4":0,"5":0,"6":0,"7":0,"8":4,"9":1,"10":0,"11":0,"12":6},"b":{"0":[0,0],"1":[0,0],"2":[7,6],"3":[7,6],"4":[7,6],"5":[0,13],"6":[6,7],"7":[13,13,13],"8":[7,6],"9":[13,13,13]},"_coverageSchema":"1a1c01bbd47fc00a2c39e90264f33305004495a9","hash":"7b5d3ab19d159fc1d68e4524cacf384e35417f00"}
,"C:\\Users\\user\\Documents\\code\\Portolio Projects\\GlobeTrotter\\client\\src\\pages\\History.js": {"path":"C:\\Users\\user\\Documents\\code\\Portolio Projects\\GlobeTrotter\\client\\src\\pages\\History.js","statementMap":{"0":{"start":{"line":8,"column":18},"end":{"line":8,"column":31}},"1":{"start":{"line":9,"column":18},"end":{"line":9,"column":37}},"2":{"start":{"line":10,"column":25},"end":{"line":10,"column":37}},"3":{"start":{"line":12,"column":1},"end":{"line":22,"column":7}},"4":{"start":{"line":14,"column":19},"end":{"line":14,"column":74}},"5":{"start":{"line":15,"column":16},"end":{"line":15,"column":48}},"6":{"start":{"line":16,"column":3},"end":{"line":16,"column":30}},"7":{"start":{"line":18,"column":2},"end":{"line":21,"column":16}},"8":{"start":{"line":19,"column":3},"end":{"line":19,"column":12}},"9":{"start":{"line":21,"column":3},"end":{"line":21,"column":16}},"10":{"start":{"line":24,"column":1},"end":{"line":35,"column":2}},"11":{"start":{"line":30,"column":34},"end":{"line":30,"column":73}}},"fnMap":{"0":{"name":"History","decl":{"start":{"line":7,"column":9},"end":{"line":7,"column":16}},"loc":{"start":{"line":7,"column":19},"end":{"line":36,"column":1}},"line":7},"1":{"name":"(anonymous_1)","decl":{"start":{"line":12,"column":11},"end":{"line":12,"column":12}},"loc":{"start":{"line":12,"column":17},"end":{"line":22,"column":2}},"line":12},"2":{"name":"getData","decl":{"start":{"line":13,"column":17},"end":{"line":13,"column":24}},"loc":{"start":{"line":13,"column":27},"end":{"line":17,"column":3}},"line":13},"3":{"name":"(anonymous_3)","decl":{"start":{"line":30,"column":25},"end":{"line":30,"column":26}},"loc":{"start":{"line":30,"column":34},"end":{"line":30,"column":73}},"line":30}},"branchMap":{"0":{"loc":{"start":{"line":18,"column":2},"end":{"line":21,"column":16}},"type":"if","locations":[{"start":{"line":18,"column":2},"end":{"line":21,"column":16}},{"start":{"line":21,"column":3},"end":{"line":21,"column":16}}],"line":18},"1":{"loc":{"start":{"line":28,"column":5},"end":{"line":31,"column":18}},"type":"binary-expr","locations":[{"start":{"line":28,"column":5},"end":{"line":28,"column":9}},{"start":{"line":29,"column":10},"end":{"line":31,"column":18}}],"line":28}},"s":{"0":2,"1":2,"2":2,"3":2,"4":0,"5":0,"6":0,"7":1,"8":0,"9":1,"10":2,"11":0},"f":{"0":2,"1":1,"2":0,"3":0},"b":{"0":[0,1],"1":[2,0]},"_coverageSchema":"1a1c01bbd47fc00a2c39e90264f33305004495a9","hash":"cd2a9b6ab8b4cb8d2c2b5c89111aa826a2c19e4b"}
,"C:\\Users\\user\\Documents\\code\\Portolio Projects\\GlobeTrotter\\client\\src\\pages\\Login.js": {"path":"C:\\Users\\user\\Documents\\code\\Portolio Projects\\GlobeTrotter\\client\\src\\pages\\Login.js","statementMap":{"0":{"start":{"line":8,"column":18},"end":{"line":8,"column":31}},"1":{"start":{"line":9,"column":22},"end":{"line":9,"column":41}},"2":{"start":{"line":10,"column":25},"end":{"line":10,"column":42}},"3":{"start":{"line":11,"column":29},"end":{"line":11,"column":41}},"4":{"start":{"line":12,"column":33},"end":{"line":12,"column":101}},"5":{"start":{"line":15,"column":2},"end":{"line":26,"column":3}},"6":{"start":{"line":16,"column":19},"end":{"line":16,"column":33}},"7":{"start":{"line":17,"column":15},"end":{"line":17,"column":57}},"8":{"start":{"line":18,"column":3},"end":{"line":22,"column":4}},"9":{"start":{"line":19,"column":4},"end":{"line":19,"column":56}},"10":{"start":{"line":20,"column":4},"end":{"line":20,"column":67}},"11":{"start":{"line":21,"column":4},"end":{"line":21,"column":34}},"12":{"start":{"line":23,"column":3},"end":{"line":23,"column":16}},"13":{"start":{"line":25,"column":3},"end":{"line":25,"column":23}},"14":{"start":{"line":29,"column":26},"end":{"line":34,"column":2}},"15":{"start":{"line":30,"column":2},"end":{"line":30,"column":20}},"16":{"start":{"line":31,"column":2},"end":{"line":32,"column":45}},"17":{"start":{"line":32,"column":3},"end":{"line":32,"column":45}},"18":{"start":{"line":33,"column":2},"end":{"line":33,"column":12}},"19":{"start":{"line":36,"column":21},"end":{"line":39,"column":2}},"20":{"start":{"line":37,"column":26},"end":{"line":37,"column":34}},"21":{"start":{"line":38,"column":2},"end":{"line":38,"column":44}},"22":{"start":{"line":42,"column":1},"end":{"line":64,"column":2}}},"fnMap":{"0":{"name":"Login","decl":{"start":{"line":7,"column":9},"end":{"line":7,"column":14}},"loc":{"start":{"line":7,"column":17},"end":{"line":65,"column":1}},"line":7},"1":{"name":"authUser","decl":{"start":{"line":14,"column":16},"end":{"line":14,"column":24}},"loc":{"start":{"line":14,"column":27},"end":{"line":27,"column":2}},"line":14},"2":{"name":"(anonymous_2)","decl":{"start":{"line":29,"column":26},"end":{"line":29,"column":27}},"loc":{"start":{"line":29,"column":31},"end":{"line":34,"column":2}},"line":29},"3":{"name":"(anonymous_3)","decl":{"start":{"line":36,"column":21},"end":{"line":36,"column":22}},"loc":{"start":{"line":36,"column":26},"end":{"line":39,"column":2}},"line":36}},"branchMap":{"0":{"loc":{"start":{"line":18,"column":3},"end":{"line":22,"column":4}},"type":"if","locations":[{"start":{"line":18,"column":3},"end":{"line":22,"column":4}},{"start":{},"end":{}}],"line":18},"1":{"loc":{"start":{"line":31,"column":2},"end":{"line":32,"column":45}},"type":"if","locations":[{"start":{"line":31,"column":2},"end":{"line":32,"column":45}},{"start":{},"end":{}}],"line":31},"2":{"loc":{"start":{"line":31,"column":5},"end":{"line":31,"column":71}},"type":"binary-expr","locations":[{"start":{"line":31,"column":5},"end":{"line":31,"column":24}},{"start":{"line":31,"column":28},"end":{"line":31,"column":71}}],"line":31},"3":{"loc":{"start":{"line":50,"column":6},"end":{"line":51,"column":150}},"type":"binary-expr","locations":[{"start":{"line":50,"column":6},"end":{"line":50,"column":25}},{"start":{"line":51,"column":5},"end":{"line":51,"column":150}}],"line":50},"4":{"loc":{"start":{"line":54,"column":6},"end":{"line":55,"column":178}},"type":"binary-expr","locations":[{"start":{"line":54,"column":6},"end":{"line":54,"column":25}},{"start":{"line":55,"column":5},"end":{"line":55,"column":178}}],"line":54}},"s":{"0":5,"1":5,"2":5,"3":5,"4":5,"5":1,"6":1,"7":0,"8":0,"9":0,"10":0,"11":0,"12":0,"13":1,"14":5,"15":1,"16":1,"17":0,"18":1,"19":5,"20":0,"21":0,"22":5},"f":{"0":5,"1":1,"2":1,"3":0},"b":{"0":[0,0],"1":[0,1],"2":[1,0],"3":[5,0],"4":[5,0]},"_coverageSchema":"1a1c01bbd47fc00a2c39e90264f33305004495a9","hash":"647ba7ebdac8e6628b1dc264ee4b123d50d85bf9"}
,"C:\\Users\\user\\Documents\\code\\Portolio Projects\\GlobeTrotter\\client\\src\\utils\\Context.js": {"path":"C:\\Users\\user\\Documents\\code\\Portolio Projects\\GlobeTrotter\\client\\src\\utils\\Context.js","statementMap":{"0":{"start":{"line":3,"column":16},"end":{"line":3,"column":37}}},"fnMap":{},"branchMap":{},"s":{"0":7},"f":{},"b":{},"_coverageSchema":"1a1c01bbd47fc00a2c39e90264f33305004495a9","hash":"986b982dfac70e101b02f586318ea2b1edcdf4dc"}
}
