TN:
SF:src\App.js
FN:7,App
FNF:1
FNH:1
FNDA:1,App
DA:8,1
DA:9,1
DA:11,1
LF:3
LH:3
BRF:0
BRH:0
end_of_record
TN:
SF:src\components\Navbar.js
FN:6,Navbar
FNF:1
FNH:1
FNDA:1,Navbar
DA:7,1
DA:8,1
LF:2
LH:2
BRDA:11,0,0,0
BRDA:11,0,1,1
BRF:2
BRH:1
end_of_record
TN:
SF:src\components\Options.js
FN:3,(anonymous_0)
FN:18,(anonymous_1)
FN:39,handleCheck
FN:57,handleSlide
FN:75,handleSubmit
FNF:5
FNH:2
FNDA:6,(anonymous_0)
FNDA:6,(anonymous_1)
FNDA:0,handleCheck
FNDA:0,handleSlide
FNDA:0,handleSubmit
DA:3,1
DA:4,6
DA:7,6
DA:8,6
DA:9,6
DA:10,6
DA:11,6
DA:12,6
DA:13,6
DA:15,6
DA:18,6
DA:19,6
DA:20,6
DA:23,0
DA:27,6
DA:30,6
DA:31,6
DA:32,6
DA:33,6
DA:34,6
DA:35,6
DA:36,6
DA:40,0
DA:41,0
DA:42,0
DA:43,0
DA:44,0
DA:45,0
DA:46,0
DA:47,0
DA:48,0
DA:49,0
DA:50,0
DA:51,0
DA:52,0
DA:53,0
DA:58,0
DA:59,0
DA:60,0
DA:61,0
DA:62,0
DA:63,0
DA:64,0
DA:65,0
DA:66,0
DA:67,0
DA:68,0
DA:69,0
DA:70,0
DA:71,0
DA:76,0
DA:77,0
DA:80,6
LF:53
LH:22
BRDA:19,0,0,6
BRDA:19,0,1,0
BRDA:19,1,0,6
BRDA:19,1,1,6
BRDA:19,1,2,6
BRDA:19,1,3,6
BRDA:19,1,4,6
BRDA:19,1,5,6
BRDA:19,1,6,6
BRDA:40,2,0,0
BRDA:40,2,1,0
BRDA:42,3,0,0
BRDA:42,3,1,0
BRDA:44,4,0,0
BRDA:44,4,1,0
BRDA:46,5,0,0
BRDA:46,5,1,0
BRDA:48,6,0,0
BRDA:48,6,1,0
BRDA:50,7,0,0
BRDA:50,7,1,0
BRDA:52,8,0,0
BRDA:52,8,1,0
BRDA:58,9,0,0
BRDA:58,9,1,0
BRDA:60,10,0,0
BRDA:60,10,1,0
BRDA:62,11,0,0
BRDA:62,11,1,0
BRDA:64,12,0,0
BRDA:64,12,1,0
BRDA:66,13,0,0
BRDA:66,13,1,0
BRDA:68,14,0,0
BRDA:68,14,1,0
BRDA:70,15,0,0
BRDA:70,15,1,0
BRDA:84,16,0,0
BRDA:84,16,1,6
BRDA:88,17,0,0
BRDA:88,17,1,6
BRDA:92,18,0,0
BRDA:92,18,1,6
BRDA:96,19,0,0
BRDA:96,19,1,6
BRDA:100,20,0,0
BRDA:100,20,1,6
BRDA:104,21,0,0
BRDA:104,21,1,6
BRDA:108,22,0,0
BRDA:108,22,1,6
BRDA:110,23,0,6
BRDA:110,23,1,0
BRF:53
BRH:16
end_of_record
TN:
SF:src\components\Tab.js
FN:3,Tab
FN:6,(anonymous_1)
FN:10,getColours
FN:14,(anonymous_3)
FNF:4
FNH:0
FNDA:0,Tab
FNDA:0,(anonymous_1)
FNDA:0,getColours
FNDA:0,(anonymous_3)
DA:4,0
DA:6,0
DA:7,0
DA:11,0
DA:14,0
DA:15,0
DA:18,0
LF:7
LH:0
BRDA:11,0,0,0
BRDA:11,0,1,0
BRF:2
BRH:0
end_of_record
TN:
SF:src\components\UserMenu.js
FN:4,UserMenu
FN:8,(anonymous_1)
FN:9,(anonymous_2)
FN:12,(anonymous_3)
FN:25,(anonymous_4)
FNF:5
FNH:1
FNDA:1,UserMenu
FNDA:0,(anonymous_1)
FNDA:0,(anonymous_2)
FNDA:0,(anonymous_3)
FNDA:0,(anonymous_4)
DA:5,1
DA:6,1
DA:8,1
DA:9,0
DA:12,1
DA:13,0
DA:14,0
DA:15,0
DA:16,0
DA:19,1
DA:25,0
LF:11
LH:5
BRDA:22,0,0,1
BRDA:22,0,1,0
BRF:2
BRH:1
end_of_record
TN:
SF:src\pages\History.js
FN:6,History
FN:10,(anonymous_1)
FN:11,getData
FNF:3
FNH:1
FNDA:3,History
FNDA:0,(anonymous_1)
FNDA:0,getData
DA:7,3
DA:8,2
DA:10,0
DA:12,0
DA:13,0
DA:14,0
DA:17,0
DA:18,0
DA:20,0
DA:23,0
LF:10
LH:2
BRDA:17,0,0,0
BRDA:17,0,1,0
BRF:2
BRH:0
end_of_record
TN:
SF:src\pages\Login.js
FN:7,Login
FN:14,authUser
FN:26,(anonymous_2)
FN:33,(anonymous_3)
FNF:4
FNH:1
FNDA:3,Login
FNDA:0,authUser
FNDA:0,(anonymous_2)
FNDA:0,(anonymous_3)
DA:8,3
DA:9,2
DA:10,0
DA:11,0
DA:12,0
DA:15,0
DA:16,0
DA:17,0
DA:18,0
DA:19,0
DA:20,0
DA:22,0
DA:26,0
DA:27,0
DA:28,0
DA:29,0
DA:30,0
DA:33,0
DA:34,0
DA:35,0
DA:39,0
LF:21
LH:2
BRDA:28,0,0,0
BRDA:28,0,1,0
BRDA:28,1,0,0
BRDA:28,1,1,0
BRDA:48,2,0,0
BRDA:48,2,1,0
BRF:6
BRH:0
end_of_record
TN:
SF:src\pages\Search.js
FN:5,(anonymous_0)
FN:11,(anonymous_1)
FN:11,(anonymous_2)
FN:13,getResults
FN:51,(anonymous_4)
FN:56,fetchResults
FN:73,(anonymous_6)
FNF:7
FNH:1
FNDA:6,(anonymous_0)
FNDA:0,(anonymous_1)
FNDA:0,(anonymous_2)
FNDA:0,getResults
FNDA:0,(anonymous_4)
FNDA:0,fetchResults
FNDA:0,(anonymous_6)
DA:5,1
DA:6,6
DA:7,6
DA:9,6
DA:11,6
DA:14,0
DA:15,0
DA:16,0
DA:17,0
DA:18,0
DA:19,0
DA:20,0
DA:22,0
DA:23,0
DA:24,0
DA:26,0
DA:27,0
DA:28,0
DA:32,0
DA:33,0
DA:34,0
DA:37,0
DA:38,0
DA:39,0
DA:43,0
DA:44,0
DA:45,0
DA:46,0
DA:47,0
DA:49,0
DA:51,0
DA:53,0
DA:57,0
DA:58,0
DA:59,0
DA:62,0
DA:63,0
DA:67,6
DA:73,0
LF:39
LH:6
BRDA:23,0,0,0
BRDA:23,0,1,0
BRDA:24,1,0,0
BRDA:24,1,1,0
BRDA:37,2,0,0
BRDA:37,2,1,0
BRDA:51,3,0,0
BRDA:51,3,1,0
BRDA:57,4,0,0
BRDA:57,4,1,0
BRDA:73,5,0,0
BRDA:73,5,1,6
BRF:12
BRH:1
end_of_record
TN:
SF:src\utils\Context.js
FNF:0
FNH:0
DA:3,4
LF:1
LH:1
BRF:0
BRH:0
end_of_record
TN:
SF:src\utils\axios_helper.js
FN:6,GlobeTrotter
FN:10,loginRegUser
FN:19,getSaved
FNF:3
FNH:0
FNDA:0,GlobeTrotter
FNDA:0,loginRegUser
FNDA:0,getSaved
DA:7,0
DA:8,0
DA:11,0
DA:12,0
DA:13,0
DA:14,0
DA:20,0
DA:21,0
DA:26,0
LF:9
LH:0
BRF:0
BRH:0
end_of_record
