TN:
SF:src\App.js
FN:7,App
FNF:1
FNH:1
FNDA:1,App
DA:8,1
DA:9,1
DA:11,1
LF:3
LH:3
BRF:0
BRH:0
end_of_record
TN:
SF:src\components\FlightForm.js
FN:4,(anonymous_0)
FN:18,getAirports
FN:67,generateLink
FN:114,(anonymous_3)
FN:120,(anonymous_4)
FNF:5
FNH:2
FNDA:7,(anonymous_0)
FNDA:2,getAirports
FNDA:0,generateLink
FNDA:0,(anonymous_3)
FNDA:0,(anonymous_4)
DA:4,2
DA:6,7
DA:7,7
DA:8,7
DA:9,7
DA:10,7
DA:11,7
DA:12,7
DA:13,7
DA:15,7
DA:16,7
DA:19,2
DA:20,2
DA:21,2
DA:22,2
DA:23,2
DA:24,2
DA:25,0
DA:26,0
DA:27,0
DA:29,0
DA:30,0
DA:32,0
DA:34,0
DA:35,0
DA:37,0
DA:39,0
DA:40,0
DA:41,0
DA:42,0
DA:45,0
DA:46,0
DA:47,0
DA:48,0
DA:51,0
DA:52,0
DA:55,0
DA:56,0
DA:57,0
DA:58,0
DA:59,0
DA:60,0
DA:61,0
DA:62,0
DA:72,0
DA:73,0
DA:74,0
DA:76,0
DA:77,0
DA:80,0
DA:81,0
DA:82,0
DA:86,7
DA:114,0
DA:120,0
LF:55
LH:18
BRDA:39,0,0,0
BRDA:39,0,1,0
BRDA:41,1,0,0
BRDA:41,1,1,0
BRDA:45,2,0,0
BRDA:45,2,1,0
BRDA:47,3,0,0
BRDA:47,3,1,0
BRDA:60,4,0,0
BRDA:60,4,1,0
BRDA:60,5,0,0
BRDA:60,5,1,0
BRDA:73,6,0,0
BRDA:73,6,1,0
BRDA:76,7,0,0
BRDA:76,7,1,0
BRDA:80,8,0,0
BRDA:80,8,1,0
BRDA:80,9,0,0
BRDA:80,9,1,0
BRDA:111,10,0,0
BRDA:111,10,1,7
BRDA:111,11,0,7
BRDA:111,11,1,0
BRDA:118,12,0,0
BRDA:118,12,1,7
BRDA:118,13,0,7
BRDA:118,13,1,0
BRDA:124,14,0,2
BRDA:124,14,1,5
BRDA:124,15,0,7
BRDA:124,15,1,2
BRDA:124,15,2,0
BRDA:125,16,0,0
BRDA:125,16,1,7
BRDA:125,17,0,7
BRDA:125,17,1,0
BRDA:125,17,2,0
BRF:38
BRH:10
end_of_record
TN:
SF:src\components\ListItem.js
FN:1,ListItem
FNF:1
FNH:1
FNDA:3,ListItem
DA:2,3
LF:1
LH:1
BRF:0
BRH:0
end_of_record
TN:
SF:src\components\Navbar.js
FN:6,Navbar
FNF:1
FNH:1
FNDA:1,Navbar
DA:7,1
DA:8,1
LF:2
LH:2
BRDA:11,0,0,0
BRDA:11,0,1,1
BRF:2
BRH:1
end_of_record
TN:
SF:src\components\Options.js
FN:3,(anonymous_0)
FN:17,(anonymous_1)
FN:39,handleCheck
FN:59,handleSlide
FN:79,handleSubmit
FNF:5
FNH:3
FNDA:42,(anonymous_0)
FNDA:34,(anonymous_1)
FNDA:8,handleCheck
FNDA:0,handleSlide
FNDA:0,handleSubmit
DA:3,2
DA:5,42
DA:6,42
DA:7,42
DA:8,42
DA:9,42
DA:10,42
DA:11,42
DA:12,42
DA:14,42
DA:17,42
DA:18,34
DA:19,18
DA:22,16
DA:26,42
DA:29,42
DA:30,42
DA:31,42
DA:32,42
DA:33,42
DA:34,42
DA:35,42
DA:36,42
DA:40,8
DA:41,1
DA:42,7
DA:43,1
DA:44,6
DA:45,1
DA:46,5
DA:47,1
DA:48,4
DA:49,1
DA:50,3
DA:51,1
DA:52,2
DA:53,1
DA:54,1
DA:55,1
DA:60,0
DA:61,0
DA:62,0
DA:63,0
DA:64,0
DA:65,0
DA:66,0
DA:67,0
DA:68,0
DA:69,0
DA:70,0
DA:71,0
DA:72,0
DA:73,0
DA:74,0
DA:75,0
DA:80,0
DA:81,0
DA:84,42
LF:58
LH:40
BRDA:18,0,0,18
BRDA:18,0,1,16
BRDA:18,1,0,34
BRDA:18,1,1,32
BRDA:18,1,2,30
BRDA:18,1,3,28
BRDA:18,1,4,26
BRDA:18,1,5,24
BRDA:18,1,6,22
BRDA:18,1,7,20
BRDA:40,2,0,1
BRDA:40,2,1,7
BRDA:42,3,0,1
BRDA:42,3,1,6
BRDA:44,4,0,1
BRDA:44,4,1,5
BRDA:46,5,0,1
BRDA:46,5,1,4
BRDA:48,6,0,1
BRDA:48,6,1,3
BRDA:50,7,0,1
BRDA:50,7,1,2
BRDA:52,8,0,1
BRDA:52,8,1,1
BRDA:54,9,0,1
BRDA:54,9,1,0
BRDA:60,10,0,0
BRDA:60,10,1,0
BRDA:62,11,0,0
BRDA:62,11,1,0
BRDA:64,12,0,0
BRDA:64,12,1,0
BRDA:66,13,0,0
BRDA:66,13,1,0
BRDA:68,14,0,0
BRDA:68,14,1,0
BRDA:70,15,0,0
BRDA:70,15,1,0
BRDA:72,16,0,0
BRDA:72,16,1,0
BRDA:74,17,0,0
BRDA:74,17,1,0
BRDA:89,18,0,3
BRDA:89,18,1,39
BRDA:94,19,0,3
BRDA:94,19,1,39
BRDA:99,20,0,3
BRDA:99,20,1,39
BRDA:104,21,0,3
BRDA:104,21,1,39
BRDA:109,22,0,3
BRDA:109,22,1,39
BRDA:114,23,0,3
BRDA:114,23,1,39
BRDA:119,24,0,3
BRDA:119,24,1,39
BRDA:124,25,0,3
BRDA:124,25,1,39
BRDA:127,26,0,26
BRDA:127,26,1,16
BRF:60
BRH:43
end_of_record
TN:
SF:src\components\ResultItem.js
FN:6,(anonymous_0)
FN:10,handleClick
FNF:2
FNH:1
FNDA:10,(anonymous_0)
FNDA:0,handleClick
DA:6,3
DA:7,10
DA:8,10
DA:11,0
DA:12,0
DA:15,0
LF:6
LH:3
BRF:0
BRH:0
end_of_record
TN:
SF:src\components\Slideshow.js
FN:3,Slideshow
FN:7,(anonymous_1)
FN:15,(anonymous_2)
FNF:3
FNH:1
FNDA:5,Slideshow
FNDA:0,(anonymous_1)
FNDA:0,(anonymous_2)
DA:4,5
DA:5,4
DA:7,4
DA:9,0
DA:10,0
DA:11,0
DA:12,0
DA:13,0
DA:15,0
DA:18,4
LF:10
LH:4
BRDA:9,0,0,0
BRDA:9,0,1,0
BRDA:10,1,0,0
BRDA:10,1,1,0
BRDA:12,2,0,0
BRDA:12,2,1,0
BRF:6
BRH:0
end_of_record
TN:
SF:src\components\Tab.js
FN:3,Tab
FN:6,(anonymous_1)
FN:10,getColours
FN:14,(anonymous_3)
FNF:4
FNH:3
FNDA:13,Tab
FNDA:6,(anonymous_1)
FNDA:19,getColours
FNDA:0,(anonymous_3)
DA:4,13
DA:6,8
DA:7,6
DA:11,19
DA:14,8
DA:15,0
DA:18,8
LF:7
LH:6
BRDA:11,0,0,7
BRDA:11,0,1,7
BRF:2
BRH:2
end_of_record
TN:
SF:src\components\UserMenu.js
FN:5,UserMenu
FN:9,(anonymous_1)
FN:10,(anonymous_2)
FN:13,(anonymous_3)
FN:15,logout
FN:39,(anonymous_5)
FNF:6
FNH:6
FNDA:11,UserMenu
FNDA:4,(anonymous_1)
FNDA:4,(anonymous_2)
FNDA:1,(anonymous_3)
FNDA:1,logout
FNDA:1,(anonymous_5)
DA:6,11
DA:7,11
DA:9,11
DA:10,4
DA:13,11
DA:16,1
DA:17,1
DA:18,0
DA:19,0
DA:20,0
DA:21,0
DA:22,0
DA:25,1
DA:29,1
DA:30,1
DA:33,11
DA:39,1
LF:17
LH:12
BRDA:36,0,0,11
BRDA:36,0,1,4
BRF:2
BRH:2
end_of_record
TN:
SF:src\components\Weather.js
FN:5,(anonymous_0)
FN:16,(anonymous_1)
FN:21,(anonymous_2)
FN:22,(anonymous_3)
FN:26,(anonymous_4)
FN:32,(anonymous_5)
FN:36,(anonymous_6)
FN:74,handleSlide
FN:78,handleCheck
FN:82,handleMonth
FN:86,handleClick
FN:118,(anonymous_11)
FN:120,(anonymous_12)
FNF:13
FNH:2
FNDA:3,(anonymous_0)
FNDA:0,(anonymous_1)
FNDA:0,(anonymous_2)
FNDA:0,(anonymous_3)
FNDA:0,(anonymous_4)
FNDA:0,(anonymous_5)
FNDA:0,(anonymous_6)
FNDA:0,handleSlide
FNDA:0,handleCheck
FNDA:0,handleMonth
FNDA:0,handleClick
FNDA:0,(anonymous_11)
FNDA:3,(anonymous_12)
DA:5,2
DA:6,3
DA:9,3
DA:10,3
DA:12,3
DA:13,3
DA:14,3
DA:16,3
DA:17,0
DA:18,0
DA:20,0
DA:21,0
DA:22,0
DA:23,0
DA:24,0
DA:25,0
DA:26,0
DA:27,0
DA:29,0
DA:31,0
DA:32,0
DA:36,0
DA:75,0
DA:79,0
DA:83,0
DA:90,3
DA:118,0
DA:120,3
LF:28
LH:10
BRDA:23,0,0,0
BRDA:23,0,1,0
BRDA:31,1,0,0
BRDA:31,1,1,0
BRDA:96,2,0,0
BRDA:96,2,1,3
BRDA:97,3,0,0
BRDA:97,3,1,3
BRDA:112,4,0,0
BRDA:112,4,1,3
BRDA:117,5,0,0
BRDA:117,5,1,3
BRDA:120,6,0,3
BRDA:120,6,1,0
BRDA:120,7,0,3
BRDA:120,7,1,3
BRDA:120,7,2,3
BRDA:122,8,0,0
BRDA:122,8,1,3
BRDA:122,9,0,3
BRDA:122,9,1,3
BRDA:122,9,2,3
BRF:22
BRH:12
end_of_record
TN:
SF:src\pages\History.js
FN:7,History
FN:12,(anonymous_1)
FN:13,getData
FN:30,(anonymous_3)
FNF:4
FNH:1
FNDA:3,History
FNDA:0,(anonymous_1)
FNDA:0,getData
FNDA:0,(anonymous_3)
DA:8,3
DA:9,2
DA:10,0
DA:12,0
DA:14,0
DA:15,0
DA:16,0
DA:18,0
DA:19,0
DA:21,0
DA:24,0
DA:30,0
LF:12
LH:2
BRDA:18,0,0,0
BRDA:18,0,1,0
BRDA:28,1,0,0
BRDA:28,1,1,0
BRF:4
BRH:0
end_of_record
TN:
SF:src\pages\Login.js
FN:7,Login
FN:14,authUser
FN:29,(anonymous_2)
FN:36,(anonymous_3)
FNF:4
FNH:3
FNDA:4,Login
FNDA:1,authUser
FNDA:1,(anonymous_2)
FNDA:0,(anonymous_3)
DA:8,4
DA:9,4
DA:10,4
DA:11,4
DA:12,4
DA:15,1
DA:16,1
DA:17,0
DA:18,0
DA:19,0
DA:20,0
DA:21,0
DA:23,0
DA:25,1
DA:29,4
DA:30,1
DA:31,1
DA:32,0
DA:33,1
DA:36,4
DA:37,0
DA:38,0
DA:42,4
LF:23
LH:14
BRDA:18,0,0,0
BRDA:18,0,1,0
BRDA:31,1,0,0
BRDA:31,1,1,1
BRDA:31,2,0,1
BRDA:31,2,1,0
BRDA:50,3,0,4
BRDA:50,3,1,0
BRDA:54,4,0,4
BRDA:54,4,1,0
BRF:10
BRH:4
end_of_record
TN:
SF:src\pages\Search.js
FN:7,(anonymous_0)
FN:14,(anonymous_1)
FN:14,(anonymous_2)
FN:16,getResults
FN:54,(anonymous_4)
FN:65,fetchResults
FN:76,handleClick
FNF:7
FNH:1
FNDA:8,(anonymous_0)
FNDA:0,(anonymous_1)
FNDA:0,(anonymous_2)
FNDA:0,getResults
FNDA:0,(anonymous_4)
FNDA:0,fetchResults
FNDA:0,handleClick
DA:7,1
DA:8,8
DA:9,8
DA:12,8
DA:14,8
DA:17,0
DA:18,0
DA:19,0
DA:20,0
DA:21,0
DA:22,0
DA:23,0
DA:25,0
DA:26,0
DA:27,0
DA:29,0
DA:30,0
DA:31,0
DA:35,0
DA:36,0
DA:37,0
DA:40,0
DA:41,0
DA:42,0
DA:46,0
DA:47,0
DA:48,0
DA:50,0
DA:52,0
DA:54,0
DA:57,0
DA:61,0
DA:66,0
DA:67,0
DA:68,0
DA:71,0
DA:72,0
DA:81,8
LF:38
LH:6
BRDA:26,0,0,0
BRDA:26,0,1,0
BRDA:27,1,0,0
BRDA:27,1,1,0
BRDA:40,2,0,0
BRDA:40,2,1,0
BRDA:54,3,0,0
BRDA:54,3,1,0
BRDA:66,4,0,0
BRDA:66,4,1,0
BRDA:86,5,0,0
BRDA:86,5,1,8
BRF:12
BRH:1
end_of_record
TN:
SF:src\utils\Context.js
FNF:0
FNH:0
DA:3,7
LF:1
LH:1
BRF:0
BRH:0
end_of_record
TN:
SF:src\utils\axios_helper.js
FN:6,GlobeTrotter
FN:10,loginRegUser
FN:24,logout
FN:31,getSaved
FNF:4
FNH:1
FNDA:2,GlobeTrotter
FNDA:0,loginRegUser
FNDA:0,logout
FNDA:0,getSaved
DA:7,2
DA:8,2
DA:11,0
DA:12,0
DA:13,0
DA:15,0
DA:16,0
DA:17,0
DA:18,0
DA:20,0
DA:25,0
DA:26,0
DA:32,0
DA:33,0
DA:38,0
LF:15
LH:2
BRDA:8,0,0,0
BRDA:8,0,1,0
BRDA:15,1,0,0
BRDA:15,1,1,0
BRDA:17,2,0,0
BRDA:17,2,1,0
BRF:6
BRH:0
end_of_record
